Crashlog created at 2013-03-02 13:09:08 +0100

===== MESSAGE:

Errno::ENOENT: No such file or directory

===== COMPILATION STACK:

  (empty)

===== STACK TRACE:

  0. /Users/ruben/.rvm/rubies/ruby-1.9.3-p392/lib/ruby/1.9.1/find.rb:38:in `block in find'
  1. /Users/ruben/.rvm/rubies/ruby-1.9.3-p392/lib/ruby/1.9.1/find.rb:38:in `collect!'
  2. /Users/ruben/.rvm/rubies/ruby-1.9.3-p392/lib/ruby/1.9.1/find.rb:38:in `find'
  3. /Users/ruben/.rvm/gems/ruby-1.9.3-p392/gems/nanoc-3.6.1/lib/nanoc/extra/pruner.rb:39:in `run'
  4. /Users/ruben/.rvm/gems/ruby-1.9.3-p392/gems/nanoc-3.6.1/lib/nanoc/cli/commands/prune.rb:25:in `run'
  5. /Users/ruben/.rvm/gems/ruby-1.9.3-p392/gems/nanoc-3.6.1/lib/nanoc/cli/command_runner.rb:14:in `block in call'
  6. /Users/ruben/.rvm/gems/ruby-1.9.3-p392/gems/nanoc-3.6.1/lib/nanoc/cli/error_handler.rb:70:in `handle_while'
  7. /Users/ruben/.rvm/gems/ruby-1.9.3-p392/gems/nanoc-3.6.1/lib/nanoc/cli/error_handler.rb:26:in `handle_while'
  8. /Users/ruben/.rvm/gems/ruby-1.9.3-p392/gems/nanoc-3.6.1/lib/nanoc/cli/command_runner.rb:13:in `call'
  9. /Users/ruben/.rvm/gems/ruby-1.9.3-p392/gems/cri-2.3.0/lib/cri/command_dsl.rb:185:in `block in runner'
  10. /Users/ruben/.rvm/gems/ruby-1.9.3-p392/gems/cri-2.3.0/lib/cri/command.rb:296:in `call'
  11. /Users/ruben/.rvm/gems/ruby-1.9.3-p392/gems/cri-2.3.0/lib/cri/command.rb:296:in `run_this'
  12. /Users/ruben/.rvm/gems/ruby-1.9.3-p392/gems/cri-2.3.0/lib/cri/command.rb:249:in `run'
  13. /Users/ruben/.rvm/gems/ruby-1.9.3-p392/gems/cri-2.3.0/lib/cri/command.rb:262:in `run'
  14. /Users/ruben/.rvm/gems/ruby-1.9.3-p392/gems/nanoc-3.6.1/lib/nanoc/cli.rb:52:in `block in run'
  15. /Users/ruben/.rvm/gems/ruby-1.9.3-p392/gems/nanoc-3.6.1/lib/nanoc/cli/error_handler.rb:70:in `handle_while'
  16. /Users/ruben/.rvm/gems/ruby-1.9.3-p392/gems/nanoc-3.6.1/lib/nanoc/cli/error_handler.rb:26:in `handle_while'
  17. /Users/ruben/.rvm/gems/ruby-1.9.3-p392/gems/nanoc-3.6.1/lib/nanoc/cli.rb:50:in `run'
  18. /Users/ruben/.rvm/gems/ruby-1.9.3-p392/gems/nanoc-3.6.1/bin/nanoc:19:in `<top (required)>'
  19. /Users/ruben/.rvm/gems/ruby-1.9.3-p392/bin/nanoc:19:in `load'
  20. /Users/ruben/.rvm/gems/ruby-1.9.3-p392/bin/nanoc:19:in `<main>'
  21. /Users/ruben/.rvm/gems/ruby-1.9.3-p392/bin/ruby_noexec_wrapper:14:in `eval'
  ... 24 more lines omitted. See full crash log for details.

===== VERSION INFORMATION:

nanoc 3.6.1 © 2007-2013 Denis Defreyne.
Running ruby 1.9.3 (2013-02-22) on x86_64-darwin12.2.0 with RubyGems 1.8.25.

===== SYSTEM INFORMATION:

Darwin Little-Grey.local 12.2.0 Darwin Kernel Version 12.2.0: Sat Aug 25 00:48:52 PDT 2012; root:xnu-2050.18.24~1/RELEASE_X86_64 x86_64

===== INSTALLED GEMS:

  adsf 1.1.1
  bundler 1.2.4
  colored 1.2
  cri 2.3.0
  haml 4.0.0
  kramdown 0.14.2
  nanoc 3.6.1
  rack 1.5.2
  sass 3.2.6
  tilt 1.3.3

===== ENVIRONMENT:

Apple_PubSub_Socket_Render => "/tmp/launch-5k62Er/Render"
Apple_Ubiquity_Message => "/tmp/launch-910z7F/Apple_Ubiquity_Message"
BUNDLE_BIN_PATH => "/Users/ruben/.rvm/gems/ruby-1.9.3-p392/gems/bundler-1.2.4/bin/bundle"
BUNDLE_GEMFILE => "/Users/ruben/projects/highlevelnanoc/Gemfile"
COMMAND_MODE => "unix2003"
DISPLAY => "/tmp/launch-uWw7P3/org.macosforge.xquartz:0"
GEM_HOME => "/Users/ruben/.rvm/gems/ruby-1.9.3-p392"
GEM_PATH => "/Users/ruben/.rvm/gems/ruby-1.9.3-p392:/Users/ruben/.rvm/gems/ruby-1.9.3-p392@global"
HOME => "/Users/ruben"
IRBRC => "/Users/ruben/.rvm/rubies/ruby-1.9.3-p392/.irbrc"
LC_CTYPE => "UTF-8"
LOGNAME => "ruben"
MY_RUBY_HOME => "/Users/ruben/.rvm/rubies/ruby-1.9.3-p392"
NODE_PATH => "/usr/local/lib/node"
OLDPWD => "/Users/ruben"
PATH => "/Users/ruben/.rvm/gems/ruby-1.9.3-p392/bin:/Users/ruben/.rvm/gems/ruby-1.9.3-p392@global/bin:/Users/ruben/.rvm/rubies/ruby-1.9.3-p392/bin:/Users/ruben/.rvm/bin:/usr/bin:/bin:/usr/sbin:/sbin:/usr/local/bin:/opt/X11/bin:/Users/ruben/bin:/usr/local/sbin:/usr/git"
PROMPT => "%m %.> "
PWD => "/Users/ruben/projects/highlevelnanoc"
RPROMPT => "%T $(git_super_status)"
RUBYOPT => "-I/Users/ruben/.rvm/gems/ruby-1.9.3-p392/gems/bundler-1.2.4/lib -rbundler/setup"
RUBY_VERSION => "ruby-1.9.3-p392"
SHELL => "/bin/bash"
SHLVL => "1"
SSH_AUTH_SOCK => "/tmp/launch-qwa7ev/Listeners"
TERM => "xterm-256color"
TERM_PROGRAM => "Apple_Terminal"
TERM_PROGRAM_VERSION => "309"
TERM_SESSION_ID => "5A5F6675-0566-4384-A4D8-E096A4FF7DD2"
TMPDIR => "/var/folders/gy/k3jk8zhs5mg3dsn2hzqvq1_80000gn/T/"
USER => "ruben"
_ => "/Users/ruben/.rvm/gems/ruby-1.9.3-p392/bin/nanoc"
_ORIGINAL_GEM_PATH => "/Users/ruben/.rvm/gems/ruby-1.9.3-p392:/Users/ruben/.rvm/gems/ruby-1.9.3-p392@global"
__CF_USER_TEXT_ENCODING => "0x1F5:0:0"
__GIT_PROMPT_DIR => "/Users/ruben/.zsh/git-prompt"
__array_start => "1"
_first => "1"
_second => "2"
rvm_alias_expanded => ""
rvm_bin_path => "/Users/ruben/.rvm/bin"
rvm_debug_clr => "\e[35m"
rvm_docs_type => ""
rvm_env_string => "ruby-1.9.3-p392"
rvm_error_clr => "\e[31m"
rvm_gemstone_package_file => ""
rvm_gemstone_url => ""
rvm_hook => ""
rvm_niceness => ""
rvm_nightly_flag => ""
rvm_notify_clr => "\e[32m"
rvm_path => "/Users/ruben/.rvm"
rvm_prefix => "/Users/ruben"
rvm_proxy => ""
rvm_quiet_flag => ""
rvm_reset_clr => "\e(B\e[m"
rvm_ruby_file => ""
rvm_ruby_make => ""
rvm_ruby_make_install => ""
rvm_ruby_mode => ""
rvm_ruby_string => "ruby-1.9.3-p392"
rvm_script_name => ""
rvm_sdk => ""
rvm_silent_flag => ""
rvm_version => "1.18.10 (stable)"
rvm_warn_clr => "\e[33m"
rvm_wrapper_name => ""

===== GEMFILE.LOCK:

GEM
  remote: https://rubygems.org/
  specs:
    adsf (1.1.1)
      rack (>= 1.0.0)
    colored (1.2)
    cri (2.3.0)
      colored (>= 1.2)
    haml (4.0.0)
      tilt
    kramdown (0.14.2)
    nanoc (3.6.1)
      cri (~> 2.3)
    rack (1.5.2)
    sass (3.2.6)
    tilt (1.3.3)

PLATFORMS
  ruby

DEPENDENCIES
  adsf
  haml
  kramdown
  nanoc
  sass

===== LOAD PATHS:

  0. /Users/ruben/.rvm/gems/ruby-1.9.3-p392/gems/nanoc-3.6.1/lib
  1. /Users/ruben/.rvm/gems/ruby-1.9.3-p392/gems/sass-3.2.6/lib
  2. /Users/ruben/.rvm/gems/ruby-1.9.3-p392/gems/nanoc-3.6.1/lib
  3. /Users/ruben/.rvm/gems/ruby-1.9.3-p392/gems/kramdown-0.14.2/lib
  4. /Users/ruben/.rvm/gems/ruby-1.9.3-p392/gems/haml-4.0.0/lib
  5. /Users/ruben/.rvm/gems/ruby-1.9.3-p392/gems/tilt-1.3.3/lib
  6. /Users/ruben/.rvm/gems/ruby-1.9.3-p392/gems/cri-2.3.0/lib
  7. /Users/ruben/.rvm/gems/ruby-1.9.3-p392/gems/colored-1.2/lib
  8. /Users/ruben/.rvm/gems/ruby-1.9.3-p392/gems/adsf-1.1.1/lib
  9. /Users/ruben/.rvm/gems/ruby-1.9.3-p392/gems/rack-1.5.2/lib
  10. /Users/ruben/.rvm/gems/ruby-1.9.3-p392/gems/bundler-1.2.4/lib
  11. /Users/ruben/.rvm/rubies/ruby-1.9.3-p392/lib/ruby/site_ruby/1.9.1
  12. /Users/ruben/.rvm/rubies/ruby-1.9.3-p392/lib/ruby/site_ruby/1.9.1/x86_64-darwin12.2.0
  13. /Users/ruben/.rvm/rubies/ruby-1.9.3-p392/lib/ruby/site_ruby
  14. /Users/ruben/.rvm/rubies/ruby-1.9.3-p392/lib/ruby/vendor_ruby/1.9.1
  15. /Users/ruben/.rvm/rubies/ruby-1.9.3-p392/lib/ruby/vendor_ruby/1.9.1/x86_64-darwin12.2.0
  16. /Users/ruben/.rvm/rubies/ruby-1.9.3-p392/lib/ruby/vendor_ruby
  17. /Users/ruben/.rvm/rubies/ruby-1.9.3-p392/lib/ruby/1.9.1
  18. /Users/ruben/.rvm/rubies/ruby-1.9.3-p392/lib/ruby/1.9.1/x86_64-darwin12.2.0
